diff -urN pytest_examples-0.0.18/tests/test_run_examples.py pytest_examples-0.0.18-fix-tests/tests/test_run_examples.py
--- pytest_examples-0.0.18/tests/test_run_examples.py	2020-02-02 00:00:00.000000000 +0000
+++ pytest_examples-0.0.18-fix-tests/tests/test_run_examples.py	2026-01-21 22:58:00.070428356 +0000
@@ -52,12 +52,13 @@
     result = pytester.runpytest('-p', 'no:pretty', '-v')
     result.assert_outcomes(passed=1, failed=1)
 
-    assert result.outlines[-11].startswith('_ _ _ _ ')
-    assert result.outlines[-10:-3] == [
+    assert result.outlines[-12].startswith('_ _ _ _ ')
+    assert result.outlines[-11:-3] == [
         '',
         '    a = 1',
         '    b = 2',
         '>   assert a + b == 4',
+        '           ^^^^^^^^^^',
         'E   AssertionError',
         '',
         'my_file.md:12: AssertionError',
